2019-08-01 14:18:27 Notice: Notice (8): Undefined variable: fileNames in [/var/www/html/APPDSS2/src/Controller/ProjectsController.php, line 166]
Request URL: /projects/addPolygonShape
Client IP: 10.0.0.2
Trace:
Cake\Error\BaseErrorHandler::handleError() - CORE/src/Error/BaseErrorHandler.php, line 159
App\Controller\ProjectsController::addPolygonShape() - APP/Controller/ProjectsController.php, line 166
Cake\Controller\Controller::invokeAction() - CORE/src/Controller/Controller.php, line 610
Cake\Http\ActionDispatcher::_invoke() - CORE/src/Http/ActionDispatcher.php, line 120
Cake\Http\ActionDispatcher::dispatch() - CORE/src/Http/ActionDispatcher.php, line 94
Cake\Http\BaseApplication::__invoke() - CORE/src/Http/BaseApplication.php, line 235
Cake\Http\Runner::__invoke() - CORE/src/Http/Runner.php, line 65
Cake\Routing\Middleware\RoutingMiddleware::__invoke() - CORE/src/Routing/Middleware/RoutingMiddleware.php, line 162
Cake\Http\Runner::__invoke() - CORE/src/Http/Runner.php, line 65
Cake\Routing\Middleware\AssetMiddleware::__invoke() - CORE/src/Routing/Middleware/AssetMiddleware.php, line 88
Cake\Http\Runner::__invoke() - CORE/src/Http/Runner.php, line 65
Cake\Error\Middleware\ErrorHandlerMiddleware::__invoke() - CORE/src/Error/Middleware/ErrorHandlerMiddleware.php, line 96
Cake\Http\Runner::__invoke() - CORE/src/Http/Runner.php, line 65
Cake\Http\Runner::run() - CORE/src/Http/Runner.php, line 51
Cake\Http\Server::run() - CORE/src/Http/Server.php, line 98
[main] - ROOT/webroot/index.php, line 40



2019-08-02 08:55:21 Notice: Notice (8): Undefined variable: type in [/var/www/html/appdss_venezia/src/Controller/ProjectsController.php, line 470]
Request URL: /projects/addGeneralShape
Referer URL: http://172.16.100.146/appdss_venezia/index.html
Client IP: 10.0.0.8
Trace:
Cake\Error\BaseErrorHandler::handleError() - CORE/src/Error/BaseErrorHandler.php, line 159
App\Controller\ProjectsController::addGeneralShape() - APP/Controller/ProjectsController.php, line 470
Cake\Controller\Controller::invokeAction() - CORE/src/Controller/Controller.php, line 610
Cake\Http\ActionDispatcher::_invoke() - CORE/src/Http/ActionDispatcher.php, line 120
Cake\Http\ActionDispatcher::dispatch() - CORE/src/Http/ActionDispatcher.php, line 94
Cake\Http\BaseApplication::__invoke() - CORE/src/Http/BaseApplication.php, line 235
Cake\Http\Runner::__invoke() - CORE/src/Http/Runner.php, line 65
Cake\Routing\Middleware\RoutingMiddleware::__invoke() - CORE/src/Routing/Middleware/RoutingMiddleware.php, line 162
Cake\Http\Runner::__invoke() - CORE/src/Http/Runner.php, line 65
Cake\Routing\Middleware\AssetMiddleware::__invoke() - CORE/src/Routing/Middleware/AssetMiddleware.php, line 88
Cake\Http\Runner::__invoke() - CORE/src/Http/Runner.php, line 65
Cake\Error\Middleware\ErrorHandlerMiddleware::__invoke() - CORE/src/Error/Middleware/ErrorHandlerMiddleware.php, line 96
Cake\Http\Runner::__invoke() - CORE/src/Http/Runner.php, line 65
Cake\Http\Runner::run() - CORE/src/Http/Runner.php, line 51
Cake\Http\Server::run() - CORE/src/Http/Server.php, line 98
[main] - ROOT/webroot/index.php, line 40



2019-08-02 09:14:48 Notice: Notice (8): Undefined index: authorization in [/var/www/html/appdss_venezia/vendor/admad/cakephp-jwt-auth/src/Auth/JwtAuthenticate.php, line 202]
Request URL: /users/login
Referer URL: http://172.16.100.146/appdss_venezia/index.html
Client IP: 10.0.0.8
Trace:
Cake\Error\BaseErrorHandler::handleError() - CORE/src/Error/BaseErrorHandler.php, line 159
ADmad\JwtAuth\Auth\JwtAuthenticate::getToken() - ROOT/vendor/admad/cakephp-jwt-auth/src/Auth/JwtAuthenticate.php, line 202
ADmad\JwtAuth\Auth\JwtAuthenticate::getPayload() - ROOT/vendor/admad/cakephp-jwt-auth/src/Auth/JwtAuthenticate.php, line 175
ADmad\JwtAuth\Auth\JwtAuthenticate::getUser() - ROOT/vendor/admad/cakephp-jwt-auth/src/Auth/JwtAuthenticate.php, line 137
ADmad\JwtAuth\Auth\JwtAuthenticate::authenticate() - ROOT/vendor/admad/cakephp-jwt-auth/src/Auth/JwtAuthenticate.php, line 125
Cake\Controller\Component\AuthComponent::identify() - CORE/src/Controller/Component/AuthComponent.php, line 824
App\Controller\UsersController::login() - APP/Controller/UsersController.php, line 106
Cake\Controller\Controller::invokeAction() - CORE/src/Controller/Controller.php, line 610
Cake\Http\ActionDispatcher::_invoke() - CORE/src/Http/ActionDispatcher.php, line 120
Cake\Http\ActionDispatcher::dispatch() - CORE/src/Http/ActionDispatcher.php, line 94
Cake\Http\BaseApplication::__invoke() - CORE/src/Http/BaseApplication.php, line 235
Cake\Http\Runner::__invoke() - CORE/src/Http/Runner.php, line 65
Cake\Routing\Middleware\RoutingMiddleware::__invoke() - CORE/src/Routing/Middleware/RoutingMiddleware.php, line 162
Cake\Http\Runner::__invoke() - CORE/src/Http/Runner.php, line 65
Cake\Routing\Middleware\AssetMiddleware::__invoke() - CORE/src/Routing/Middleware/AssetMiddleware.php, line 88
Cake\Http\Runner::__invoke() - CORE/src/Http/Runner.php, line 65
Cake\Error\Middleware\ErrorHandlerMiddleware::__invoke() - CORE/src/Error/Middleware/ErrorHandlerMiddleware.php, line 96
Cake\Http\Runner::__invoke() - CORE/src/Http/Runner.php, line 65
Cake\Http\Runner::run() - CORE/src/Http/Runner.php, line 51
Cake\Http\Server::run() - CORE/src/Http/Server.php, line 98
[main] - ROOT/webroot/index.php, line 40



2019-08-02 09:16:47 Notice: Notice (8): Undefined index: authorization in [/var/www/html/appdss_venezia/vendor/admad/cakephp-jwt-auth/src/Auth/JwtAuthenticate.php, line 202]
Request URL: /users/login
Referer URL: http://172.16.100.146/appdss_venezia/index.html
Client IP: 10.0.0.8
Trace:
Cake\Error\BaseErrorHandler::handleError() - CORE/src/Error/BaseErrorHandler.php, line 159
ADmad\JwtAuth\Auth\JwtAuthenticate::getToken() - ROOT/vendor/admad/cakephp-jwt-auth/src/Auth/JwtAuthenticate.php, line 202
ADmad\JwtAuth\Auth\JwtAuthenticate::getPayload() - ROOT/vendor/admad/cakephp-jwt-auth/src/Auth/JwtAuthenticate.php, line 175
ADmad\JwtAuth\Auth\JwtAuthenticate::getUser() - ROOT/vendor/admad/cakephp-jwt-auth/src/Auth/JwtAuthenticate.php, line 137
ADmad\JwtAuth\Auth\JwtAuthenticate::authenticate() - ROOT/vendor/admad/cakephp-jwt-auth/src/Auth/JwtAuthenticate.php, line 125
Cake\Controller\Component\AuthComponent::identify() - CORE/src/Controller/Component/AuthComponent.php, line 824
App\Controller\UsersController::login() - APP/Controller/UsersController.php, line 106
Cake\Controller\Controller::invokeAction() - CORE/src/Controller/Controller.php, line 610
Cake\Http\ActionDispatcher::_invoke() - CORE/src/Http/ActionDispatcher.php, line 120
Cake\Http\ActionDispatcher::dispatch() - CORE/src/Http/ActionDispatcher.php, line 94
Cake\Http\BaseApplication::__invoke() - CORE/src/Http/BaseApplication.php, line 235
Cake\Http\Runner::__invoke() - CORE/src/Http/Runner.php, line 65
Cake\Routing\Middleware\RoutingMiddleware::__invoke() - CORE/src/Routing/Middleware/RoutingMiddleware.php, line 162
Cake\Http\Runner::__invoke() - CORE/src/Http/Runner.php, line 65
Cake\Routing\Middleware\AssetMiddleware::__invoke() - CORE/src/Routing/Middleware/AssetMiddleware.php, line 88
Cake\Http\Runner::__invoke() - CORE/src/Http/Runner.php, line 65
Cake\Error\Middleware\ErrorHandlerMiddleware::__invoke() - CORE/src/Error/Middleware/ErrorHandlerMiddleware.php, line 96
Cake\Http\Runner::__invoke() - CORE/src/Http/Runner.php, line 65
Cake\Http\Runner::run() - CORE/src/Http/Runner.php, line 51
Cake\Http\Server::run() - CORE/src/Http/Server.php, line 98
[main] - ROOT/webroot/index.php, line 40



2019-08-02 09:17:15 Notice: Notice (8): Undefined index: authorization in [/var/www/html/appdss_venezia/vendor/admad/cakephp-jwt-auth/src/Auth/JwtAuthenticate.php, line 202]
Request URL: /users/login
Referer URL: http://172.16.100.146/appdss_venezia/index.html
Client IP: 10.0.0.8
Trace:
Cake\Error\BaseErrorHandler::handleError() - CORE/src/Error/BaseErrorHandler.php, line 159
ADmad\JwtAuth\Auth\JwtAuthenticate::getToken() - ROOT/vendor/admad/cakephp-jwt-auth/src/Auth/JwtAuthenticate.php, line 202
ADmad\JwtAuth\Auth\JwtAuthenticate::getPayload() - ROOT/vendor/admad/cakephp-jwt-auth/src/Auth/JwtAuthenticate.php, line 175
ADmad\JwtAuth\Auth\JwtAuthenticate::getUser() - ROOT/vendor/admad/cakephp-jwt-auth/src/Auth/JwtAuthenticate.php, line 137
ADmad\JwtAuth\Auth\JwtAuthenticate::authenticate() - ROOT/vendor/admad/cakephp-jwt-auth/src/Auth/JwtAuthenticate.php, line 125
Cake\Controller\Component\AuthComponent::identify() - CORE/src/Controller/Component/AuthComponent.php, line 824
App\Controller\UsersController::login() - APP/Controller/UsersController.php, line 106
Cake\Controller\Controller::invokeAction() - CORE/src/Controller/Controller.php, line 610
Cake\Http\ActionDispatcher::_invoke() - CORE/src/Http/ActionDispatcher.php, line 120
Cake\Http\ActionDispatcher::dispatch() - CORE/src/Http/ActionDispatcher.php, line 94
Cake\Http\BaseApplication::__invoke() - CORE/src/Http/BaseApplication.php, line 235
Cake\Http\Runner::__invoke() - CORE/src/Http/Runner.php, line 65
Cake\Routing\Middleware\RoutingMiddleware::__invoke() - CORE/src/Routing/Middleware/RoutingMiddleware.php, line 162
Cake\Http\Runner::__invoke() - CORE/src/Http/Runner.php, line 65
Cake\Routing\Middleware\AssetMiddleware::__invoke() - CORE/src/Routing/Middleware/AssetMiddleware.php, line 88
Cake\Http\Runner::__invoke() - CORE/src/Http/Runner.php, line 65
Cake\Error\Middleware\ErrorHandlerMiddleware::__invoke() - CORE/src/Error/Middleware/ErrorHandlerMiddleware.php, line 96
Cake\Http\Runner::__invoke() - CORE/src/Http/Runner.php, line 65
Cake\Http\Runner::run() - CORE/src/Http/Runner.php, line 51
Cake\Http\Server::run() - CORE/src/Http/Server.php, line 98
[main] - ROOT/webroot/index.php, line 40



2019-08-02 09:17:38 Notice: Notice (8): Undefined index: authorization in [/var/www/html/appdss_venezia/vendor/admad/cakephp-jwt-auth/src/Auth/JwtAuthenticate.php, line 202]
Request URL: /users/login
Referer URL: http://172.16.100.146/appdss_venezia/index.html
Client IP: 10.0.0.8
Trace:
Cake\Error\BaseErrorHandler::handleError() - CORE/src/Error/BaseErrorHandler.php, line 159
ADmad\JwtAuth\Auth\JwtAuthenticate::getToken() - ROOT/vendor/admad/cakephp-jwt-auth/src/Auth/JwtAuthenticate.php, line 202
ADmad\JwtAuth\Auth\JwtAuthenticate::getPayload() - ROOT/vendor/admad/cakephp-jwt-auth/src/Auth/JwtAuthenticate.php, line 175
ADmad\JwtAuth\Auth\JwtAuthenticate::getUser() - ROOT/vendor/admad/cakephp-jwt-auth/src/Auth/JwtAuthenticate.php, line 137
ADmad\JwtAuth\Auth\JwtAuthenticate::authenticate() - ROOT/vendor/admad/cakephp-jwt-auth/src/Auth/JwtAuthenticate.php, line 125
Cake\Controller\Component\AuthComponent::identify() - CORE/src/Controller/Component/AuthComponent.php, line 824
App\Controller\UsersController::login() - APP/Controller/UsersController.php, line 106
Cake\Controller\Controller::invokeAction() - CORE/src/Controller/Controller.php, line 610
Cake\Http\ActionDispatcher::_invoke() - CORE/src/Http/ActionDispatcher.php, line 120
Cake\Http\ActionDispatcher::dispatch() - CORE/src/Http/ActionDispatcher.php, line 94
Cake\Http\BaseApplication::__invoke() - CORE/src/Http/BaseApplication.php, line 235
Cake\Http\Runner::__invoke() - CORE/src/Http/Runner.php, line 65
Cake\Routing\Middleware\RoutingMiddleware::__invoke() - CORE/src/Routing/Middleware/RoutingMiddleware.php, line 162
Cake\Http\Runner::__invoke() - CORE/src/Http/Runner.php, line 65
Cake\Routing\Middleware\AssetMiddleware::__invoke() - CORE/src/Routing/Middleware/AssetMiddleware.php, line 88
Cake\Http\Runner::__invoke() - CORE/src/Http/Runner.php, line 65
Cake\Error\Middleware\ErrorHandlerMiddleware::__invoke() - CORE/src/Error/Middleware/ErrorHandlerMiddleware.php, line 96
Cake\Http\Runner::__invoke() - CORE/src/Http/Runner.php, line 65
Cake\Http\Runner::run() - CORE/src/Http/Runner.php, line 51
Cake\Http\Server::run() - CORE/src/Http/Server.php, line 98
[main] - ROOT/webroot/index.php, line 40



2019-08-02 09:17:57 Notice: Notice (8): Undefined index: authorization in [/var/www/html/appdss_venezia/vendor/admad/cakephp-jwt-auth/src/Auth/JwtAuthenticate.php, line 202]
Request URL: /users/login
Referer URL: http://172.16.100.146/appdss_venezia/index.html
Client IP: 10.0.0.8
Trace:
Cake\Error\BaseErrorHandler::handleError() - CORE/src/Error/BaseErrorHandler.php, line 159
ADmad\JwtAuth\Auth\JwtAuthenticate::getToken() - ROOT/vendor/admad/cakephp-jwt-auth/src/Auth/JwtAuthenticate.php, line 202
ADmad\JwtAuth\Auth\JwtAuthenticate::getPayload() - ROOT/vendor/admad/cakephp-jwt-auth/src/Auth/JwtAuthenticate.php, line 175
ADmad\JwtAuth\Auth\JwtAuthenticate::getUser() - ROOT/vendor/admad/cakephp-jwt-auth/src/Auth/JwtAuthenticate.php, line 137
ADmad\JwtAuth\Auth\JwtAuthenticate::authenticate() - ROOT/vendor/admad/cakephp-jwt-auth/src/Auth/JwtAuthenticate.php, line 125
Cake\Controller\Component\AuthComponent::identify() - CORE/src/Controller/Component/AuthComponent.php, line 824
App\Controller\UsersController::login() - APP/Controller/UsersController.php, line 106
Cake\Controller\Controller::invokeAction() - CORE/src/Controller/Controller.php, line 610
Cake\Http\ActionDispatcher::_invoke() - CORE/src/Http/ActionDispatcher.php, line 120
Cake\Http\ActionDispatcher::dispatch() - CORE/src/Http/ActionDispatcher.php, line 94
Cake\Http\BaseApplication::__invoke() - CORE/src/Http/BaseApplication.php, line 235
Cake\Http\Runner::__invoke() - CORE/src/Http/Runner.php, line 65
Cake\Routing\Middleware\RoutingMiddleware::__invoke() - CORE/src/Routing/Middleware/RoutingMiddleware.php, line 162
Cake\Http\Runner::__invoke() - CORE/src/Http/Runner.php, line 65
Cake\Routing\Middleware\AssetMiddleware::__invoke() - CORE/src/Routing/Middleware/AssetMiddleware.php, line 88
Cake\Http\Runner::__invoke() - CORE/src/Http/Runner.php, line 65
Cake\Error\Middleware\ErrorHandlerMiddleware::__invoke() - CORE/src/Error/Middleware/ErrorHandlerMiddleware.php, line 96
Cake\Http\Runner::__invoke() - CORE/src/Http/Runner.php, line 65
Cake\Http\Runner::run() - CORE/src/Http/Runner.php, line 51
Cake\Http\Server::run() - CORE/src/Http/Server.php, line 98
[main] - ROOT/webroot/index.php, line 40



2019-08-02 09:18:19 Notice: Notice (8): Undefined index: authorization in [/var/www/html/appdss_venezia/vendor/admad/cakephp-jwt-auth/src/Auth/JwtAuthenticate.php, line 202]
Request URL: /users/login
Referer URL: http://172.16.100.146/appdss_venezia/index.html
Client IP: 10.0.0.8
Trace:
Cake\Error\BaseErrorHandler::handleError() - CORE/src/Error/BaseErrorHandler.php, line 159
ADmad\JwtAuth\Auth\JwtAuthenticate::getToken() - ROOT/vendor/admad/cakephp-jwt-auth/src/Auth/JwtAuthenticate.php, line 202
ADmad\JwtAuth\Auth\JwtAuthenticate::getPayload() - ROOT/vendor/admad/cakephp-jwt-auth/src/Auth/JwtAuthenticate.php, line 175
ADmad\JwtAuth\Auth\JwtAuthenticate::getUser() - ROOT/vendor/admad/cakephp-jwt-auth/src/Auth/JwtAuthenticate.php, line 137
ADmad\JwtAuth\Auth\JwtAuthenticate::authenticate() - ROOT/vendor/admad/cakephp-jwt-auth/src/Auth/JwtAuthenticate.php, line 125
Cake\Controller\Component\AuthComponent::identify() - CORE/src/Controller/Component/AuthComponent.php, line 824
App\Controller\UsersController::login() - APP/Controller/UsersController.php, line 106
Cake\Controller\Controller::invokeAction() - CORE/src/Controller/Controller.php, line 610
Cake\Http\ActionDispatcher::_invoke() - CORE/src/Http/ActionDispatcher.php, line 120
Cake\Http\ActionDispatcher::dispatch() - CORE/src/Http/ActionDispatcher.php, line 94
Cake\Http\BaseApplication::__invoke() - CORE/src/Http/BaseApplication.php, line 235
Cake\Http\Runner::__invoke() - CORE/src/Http/Runner.php, line 65
Cake\Routing\Middleware\RoutingMiddleware::__invoke() - CORE/src/Routing/Middleware/RoutingMiddleware.php, line 162
Cake\Http\Runner::__invoke() - CORE/src/Http/Runner.php, line 65
Cake\Routing\Middleware\AssetMiddleware::__invoke() - CORE/src/Routing/Middleware/AssetMiddleware.php, line 88
Cake\Http\Runner::__invoke() - CORE/src/Http/Runner.php, line 65
Cake\Error\Middleware\ErrorHandlerMiddleware::__invoke() - CORE/src/Error/Middleware/ErrorHandlerMiddleware.php, line 96
Cake\Http\Runner::__invoke() - CORE/src/Http/Runner.php, line 65
Cake\Http\Runner::run() - CORE/src/Http/Runner.php, line 51
Cake\Http\Server::run() - CORE/src/Http/Server.php, line 98
[main] - ROOT/webroot/index.php, line 40



2019-08-02 09:20:16 Notice: Notice (8): Undefined index: authorization in [/var/www/html/appdss_venezia/vendor/admad/cakephp-jwt-auth/src/Auth/JwtAuthenticate.php, line 202]
Request URL: /users/login
Referer URL: http://172.16.100.146/appdss_venezia/index.html
Client IP: 10.0.0.8
Trace:
Cake\Error\BaseErrorHandler::handleError() - CORE/src/Error/BaseErrorHandler.php, line 159
ADmad\JwtAuth\Auth\JwtAuthenticate::getToken() - ROOT/vendor/admad/cakephp-jwt-auth/src/Auth/JwtAuthenticate.php, line 202
ADmad\JwtAuth\Auth\JwtAuthenticate::getPayload() - ROOT/vendor/admad/cakephp-jwt-auth/src/Auth/JwtAuthenticate.php, line 175
ADmad\JwtAuth\Auth\JwtAuthenticate::getUser() - ROOT/vendor/admad/cakephp-jwt-auth/src/Auth/JwtAuthenticate.php, line 137
ADmad\JwtAuth\Auth\JwtAuthenticate::authenticate() - ROOT/vendor/admad/cakephp-jwt-auth/src/Auth/JwtAuthenticate.php, line 125
Cake\Controller\Component\AuthComponent::identify() - CORE/src/Controller/Component/AuthComponent.php, line 824
App\Controller\UsersController::login() - APP/Controller/UsersController.php, line 106
Cake\Controller\Controller::invokeAction() - CORE/src/Controller/Controller.php, line 610
Cake\Http\ActionDispatcher::_invoke() - CORE/src/Http/ActionDispatcher.php, line 120
Cake\Http\ActionDispatcher::dispatch() - CORE/src/Http/ActionDispatcher.php, line 94
Cake\Http\BaseApplication::__invoke() - CORE/src/Http/BaseApplication.php, line 235
Cake\Http\Runner::__invoke() - CORE/src/Http/Runner.php, line 65
Cake\Routing\Middleware\RoutingMiddleware::__invoke() - CORE/src/Routing/Middleware/RoutingMiddleware.php, line 162
Cake\Http\Runner::__invoke() - CORE/src/Http/Runner.php, line 65
Cake\Routing\Middleware\AssetMiddleware::__invoke() - CORE/src/Routing/Middleware/AssetMiddleware.php, line 88
Cake\Http\Runner::__invoke() - CORE/src/Http/Runner.php, line 65
Cake\Error\Middleware\ErrorHandlerMiddleware::__invoke() - CORE/src/Error/Middleware/ErrorHandlerMiddleware.php, line 96
Cake\Http\Runner::__invoke() - CORE/src/Http/Runner.php, line 65
Cake\Http\Runner::run() - CORE/src/Http/Runner.php, line 51
Cake\Http\Server::run() - CORE/src/Http/Server.php, line 98
[main] - ROOT/webroot/index.php, line 40



